
Data: 21/06/2017 11:56
>>>>Títulos para Investir
Tesouro IPCA+ 2024 (NTNB Princ)	15/08/2024	5,50	R$40,96	R$2.048,44
Tesouro IPCA+ 2035 (NTNB Princ)	15/05/2035	5,55	R$34,34	R$1.144,75
Tesouro IPCA+ 2045 (NTNB Princ)	15/05/2045	5,55	R$33,40	R$668,00
Tesouro IPCA+ com Juros Semestrais 2026 (NTNB)	15/08/2026	5,54	R$31,60	R$3.160,07
Tesouro IPCA+ com Juros Semestrais 2035 (NTNB)	15/05/2035	5,54	R$31,76	R$3.176,15
Tesouro IPCA+ com Juros Semestrais 2050 (NTNB)	15/08/2050	5,53	R$32,78	R$3.278,85
Tesouro Prefixado 2020 (LTN)	01/01/2020	9,57	R$31,77	R$794,29
Tesouro Prefixado 2023 (LTN)	01/01/2023	10,56	R$34,51	R$575,26
Tesouro Prefixado com Juros Semestrais 2027 (NTNF)	01/01/2027	10,56	R$30,49	R$1.016,38
Tesouro Selic 2023 (LFT)	01/03/2023	0,03	R$88,84	R$8.884,95
Data: 21/06/2017 11:56
>>>>Títulos para Investir
Tesouro IPCA+ 2024 (NTNB Princ)	15/08/2024	5,50	R$40,96	R$2.048,44
Tesouro IPCA+ 2035 (NTNB Princ)	15/05/2035	5,55	R$34,34	R$1.144,75
Tesouro IPCA+ 2045 (NTNB Princ)	15/05/2045	5,55	R$33,40	R$668,00
Tesouro IPCA+ com Juros Semestrais 2026 (NTNB)	15/08/2026	5,54	R$31,60	R$3.160,07
Tesouro IPCA+ com Juros Semestrais 2035 (NTNB)	15/05/2035	5,54	R$31,76	R$3.176,15
Tesouro IPCA+ com Juros Semestrais 2050 (NTNB)	15/08/2050	5,53	R$32,78	R$3.278,85
Tesouro Prefixado 2020 (LTN)	01/01/2020	9,57	R$31,77	R$794,29
Tesouro Prefixado 2023 (LTN)	01/01/2023	10,56	R$34,51	R$575,26
Tesouro Prefixado com Juros Semestrais 2027 (NTNF)	01/01/2027	10,56	R$30,49	R$1.016,38
Tesouro Selic 2023 (LFT)	01/03/2023	0,03	R$88,84	R$8.884,95