Data: 23/06/2017 15:39
>>>>Títulos para Investir<<<<<
Tesouro IPCA+ 2024 (NTNB Princ)	15/08/2024	5,53	R$40,89	R$2.044,84
Tesouro IPCA+ 2035 (NTNB Princ)	15/05/2035	5,57	R$34,23	R$1.141,20
Tesouro IPCA+ 2045 (NTNB Princ)	15/05/2045	5,57	R$33,23	R$664,67
Tesouro IPCA+ com Juros Semestrais 2026 (NTNB)	15/08/2026	5,58	R$31,52	R$3.152,47
Tesouro IPCA+ com Juros Semestrais 2035 (NTNB)	15/05/2035	5,56	R$31,70	R$3.170,18
Tesouro IPCA+ com Juros Semestrais 2050 (NTNB)	15/08/2050	5,56	R$32,65	R$3.265,69
Tesouro Prefixado 2020 (LTN)	01/01/2020	9,60	R$31,77	R$794,32
Tesouro Prefixado 2023 (LTN)	01/01/2023	10,65	R$34,38	R$573,14
Tesouro Prefixado com Juros Semestrais 2027 (NTNF)	01/01/2027	10,62	R$30,41	R$1.013,86
Tesouro Selic 2023 (LFT)	01/03/2023	0,02	R$88,96	R$8.896,83
>>>>Títulos para Resgatar<<<<<
Tesouro IPCA+ 2019 (NTNB Princ)	15/05/2019	5,06	R$2.734,14
Tesouro IPCA+ 2024 (NTNB Princ)	15/08/2024	5,65	R$2.028,38
Tesouro IPCA+ 2035 (NTNB Princ)	15/05/2035	5,69	R$1.118,33
Tesouro IPCA+ 2045 (NTNB Princ)	15/05/2045	5,69	R$644,02
Tesouro IPCA+ com Juros Semestrais 2020 (NTNB)	15/08/2020	5,40	R$3.113,32
Tesouro IPCA+ com Juros Semestrais 2024 (NTNB)	15/08/2024	5,64	R$3.127,06
Tesouro IPCA+ com Juros Semestrais 2026 (NTNB)	15/08/2026	5,70	R$3.127,31
Tesouro IPCA+ com Juros Semestrais 2035 (NTNB)	15/05/2035	5,68	R$3.129,70
Tesouro IPCA+ com Juros Semestrais 2045 (NTNB)	15/05/2045	5,73	R$3.136,28
Tesouro IPCA+ com Juros Semestrais 2050 (NTNB)	15/08/2050	5,68	R$3.210,50
Tesouro Prefixado 2018 (LTN)	01/01/2018	9,01	R$956,47
Tesouro Prefixado 2019 (LTN)	01/01/2019	9,08	R$877,16
Tesouro Prefixado 2020 (LTN)	01/01/2020	9,72	R$792,14
Tesouro Prefixado 2021 (LTN)	01/01/2021	10,30	R$709,00
Tesouro Prefixado 2023 (LTN)	01/01/2023	10,77	R$569,74
Tesouro Prefixado com Juros Semestrais 2021 (NTNF)	01/01/2021	10,18	R$1.043,00
Tesouro Prefixado com Juros Semestrais 2023 (NTNF)	01/01/2023	10,51	R$1.028,48
Tesouro Prefixado com Juros Semestrais 2025 (NTNF)	01/01/2025	10,70	R$1.014,73
Tesouro Prefixado com Juros Semestrais 2027 (NTNF)	01/01/2027	10,74	R$1.007,26
Tesouro Selic 2021 (LFT)	01/03/2021	0,06	R$8.887,37
Tesouro Selic 2023 (LFT)	01/03/2023	0,06	R$8.876,72
Tesouro IGPM+ com Juros Semestrais 2017 (NTNC)	01/07/2017	8,03	R$3.633,36
Tesouro IGPM+ com Juros Semestrais 2021 (NTNC)	01/04/2021	5,60	R$3.631,96
Tesouro IGPM+ com Juros Semestrais 2031 (NTNC)	01/01/2031	5,67	R$5.758,15
